<?xml version="1.0" encoding="UTF-8"?>
<testng-results skipped="0" failed="0" total="2" passed="2">
  <reporter-output>
  </reporter-output>
  <suite name="Sample test Suite" duration-ms="76364" started-at="2017-04-17T19:13:34Z" finished-at="2017-04-17T19:14:50Z">
    <groups>
    </groups>
    <test name="Sample test" duration-ms="76364" started-at="2017-04-17T19:13:34Z" finished-at="2017-04-17T19:14:50Z">
      <class name="com.sadi.newtours1.test.LoginTest">
        <test-method status="PASS" signature="checkTitle()[pri:0, instance:com.sadi.newtours1.test.LoginTest@39aeed2f]" name="checkTitle" duration-ms="62657" started-at="2017-04-18T01:13:34Z" finished-at="2017-04-18T01:14:36Z">
          <reporter-output>
          </reporter-output>
        </test-method> <!-- checkTitle -->
        <test-method status="PASS" signature="checkLogin(java.util.List)[pri:0, instance:com.sadi.newtours1.test.LoginTest@39aeed2f]" name="checkLogin" duration-ms="7661" started-at="2017-04-18T01:14:42Z" data-provider="loginData" finished-at="2017-04-18T01:14:50Z">
          <params>
            <param index="0">
              <value>
                <![CDATA[[Login [userName=demo, password=demo]]]]>
              </value>
            </param>
          </params>
          <reporter-output>
          </reporter-output>
        </test-method> <!-- checkLogin -->
      </class> <!-- com.sadi.newtours1.test.LoginTest -->
    </test> <!-- Sample test -->
  </suite> <!-- Sample test Suite -->
</testng-results>
